<?xml version='1.0' encoding='UTF-8'?>
<testsuite hostname="knoldus-2014-3" name="com.knol.core.impl.ConnectionTest" tests="1" errors="1" failures="0" time="-0.001">
                     <properties>
[...]
</properties>
                     <testcase classname="com.knol.core.impl.ConnectionTest" name="(It is not a test)" time="-0.001">
                                                 <error message="No configuration setting found for key 'db.user'" type="com.typesafe.config.ConfigException$Missing">com.typesafe.config.ConfigException$Missing: No configuration setting found for key 'db.user'
	at com.typesafe.config.impl.SimpleConfig.findKey(SimpleConfig.java:124)
	at com.typesafe.config.impl.SimpleConfig.find(SimpleConfig.java:145)
	at com.typesafe.config.impl.SimpleConfig.find(SimpleConfig.java:151)
	at com.typesafe.config.impl.SimpleConfig.find(SimpleConfig.java:159)
	at com.typesafe.config.impl.SimpleConfig.find(SimpleConfig.java:164)
	at com.typesafe.config.impl.SimpleConfig.getString(SimpleConfig.java:206)
	at com.knol.db.connection.ConnectionEx$class.$init$(ConnectionEx.scala:13)
	at com.knol.core.impl.ConnectionTest.&lt;init&gt;(ConnectionTest.scala:8)
	at sun.reflect.NativeConstructorAccessorImpl.newInstance0(Native Method)
	at sun.reflect.NativeConstructorAccessorImpl.newInstance(NativeConstructorAccessorImpl.java:57)
	at sun.reflect.DelegatingConstructorAccessorImpl.newInstance(DelegatingConstructorAccessorImpl.java:45)
	at java.lang.reflect.Constructor.newInstance(Constructor.java:534)
	at java.lang.Class.newInstance(Class.java:379)
	at org.scalatest.tools.Framework$ScalaTestTask.execute(Framework.scala:646)
	at sbt.TestRunner.runTest$1(TestFramework.scala:76)
	at sbt.TestRunner.run(TestFramework.scala:85)
	at sbt.TestFramework$$anon$2$$anonfun$$init$$1$$anonfun$apply$8.apply(TestFramework.scala:202)
	at sbt.TestFramework$$anon$2$$anonfun$$init$$1$$anonfun$apply$8.apply(TestFramework.scala:202)
	at sbt.TestFramework$.sbt$TestFramework$$withContextLoader(TestFramework.scala:185)
	at sbt.TestFramework$$anon$2$$anonfun$$init$$1.apply(TestFramework.scala:202)
	at sbt.TestFramework$$anon$2$$anonfun$$init$$1.apply(TestFramework.scala:202)
	at sbt.TestFunction.apply(TestFramework.scala:207)
	at sbt.Tests$.sbt$Tests$$processRunnable$1(Tests.scala:239)
	at sbt.Tests$$anonfun$makeSerial$1.apply(Tests.scala:245)
	at sbt.Tests$$anonfun$makeSerial$1.apply(Tests.scala:245)
	at sbt.std.Transform$$anon$3$$anonfun$apply$2.apply(System.scala:44)
	at sbt.std.Transform$$anon$3$$anonfun$apply$2.apply(System.scala:44)
	at sbt.std.Transform$$anon$4.work(System.scala:63)
	at sbt.Execute$$anonfun$submit$1$$anonfun$apply$1.apply(Execute.scala:226)
	at sbt.Execute$$anonfun$submit$1$$anonfun$apply$1.apply(Execute.scala:226)
	at sbt.ErrorHandling$.wideConvert(ErrorHandling.scala:17)
	at sbt.Execute.work(Execute.scala:235)
	at sbt.Execute$$anonfun$submit$1.apply(Execute.scala:226)
	at sbt.Execute$$anonfun$submit$1.apply(Execute.scala:226)
	at sbt.ConcurrentRestrictions$$anon$4$$anonfun$1.apply(ConcurrentRestrictions.scala:159)
	at sbt.CompletionService$$anon$2.call(CompletionService.scala:28)
	at java.util.concurrent.FutureTask$Sync.innerRun(FutureTask.java:334)
	at java.util.concurrent.FutureTask.run(FutureTask.java:166)
	at java.util.concurrent.Executors$RunnableAdapter.call(Executors.java:471)
	at java.util.concurrent.FutureTask$Sync.innerRun(FutureTask.java:334)
	at java.util.concurrent.FutureTask.run(FutureTask.java:166)
	at java.util.concurrent.ThreadPoolExecutor.runWorker(ThreadPoolExecutor.java:1146)
	at java.util.concurrent.ThreadPoolExecutor$Worker.run(ThreadPoolExecutor.java:615)
	at java.lang.Thread.run(Thread.java:701)
</error>
                                               </testcase>
                     <system-out></system-out>
                     <system-err></system-err>
                   </testsuite>